<?xml version="1.0" encoding="UTF-8"?>
<!-- Generated by org.testng.reporters.JUnitReportReporter -->
<testsuite skipped="0" hostname="MAVLT1168" name="testng_assignment.TestNG_Features" tests="2" failures="0" timestamp="2020-06-24T14:37:43 IST" time="0.009" errors="0">
  <testcase name="TestNG_Parameter_Test" time="0.005" classname="testng_assignment.TestNG_Features"/>
  <system-out/>
  <testcase name="TestNG_Assertion_Methods" time="0.004" classname="testng_assignment.TestNG_Features"/>
  <system-out/>
</testsuite> <!-- testng_assignment.TestNG_Features -->
