<?xml version="1.0" encoding="UTF-8"?>
<!-- Generated by org.testng.reporters.JUnitReportReporter -->
<testsuite skipped="0" hostname="MAVLT1168" name="testng_assignment.TestNG_Thread" tests="2" failures="0" timestamp="2020-06-25T00:21:04 IST" time="0.018" errors="0">
  <testcase name="TestNG_Add2" time="0.009" classname="testng_assignment.TestNG_Thread"/>
  <system-out/>
  <testcase name="TestNG_Add1" time="0.009" classname="testng_assignment.TestNG_Thread"/>
  <system-out/>
</testsuite> <!-- testng_assignment.TestNG_Thread -->
