<?xml version="1.0" encoding="UTF-8"?>
<!-- Generated by org.testng.reporters.JUnitReportReporter -->
<testsuite skipped="0" hostname="MAVBCP423" name="com.internetapp.tests.dataProviders.TestNG_DataProviders" tests="3" failures="0" timestamp="2020-06-20T17:01:10 IST" time="0.007" errors="0">
  <testcase name="testMethod1" time="0.001" classname="com.internetapp.tests.dataProviders.TestNG_DataProviders"/>
  <system-out/>
  <testcase name="testMethod1" time="0.005" classname="com.internetapp.tests.dataProviders.TestNG_DataProviders"/>
  <system-out/>
  <testcase name="testMethod1" time="0.001" classname="com.internetapp.tests.dataProviders.TestNG_DataProviders"/>
  <system-out/>
</testsuite> <!-- com.internetapp.tests.dataProviders.TestNG_DataProviders -->
