<?xml version="1.0" encoding="UTF-8"?>
<!-- Generated by org.testng.reporters.JUnitReportReporter -->
<testsuite skipped="0" hostname="MAVLT1168" name="testng_assignment.TestNG_DataProivder" tests="10" failures="0" timestamp="2020-06-26T02:00:37 IST" time="40.958" errors="0">
  <testcase name="TestNG_DataProvider" time="4.071" classname="testng_assignment.TestNG_DataProivder"/>
  <system-out>
-------------- DataProvided was executed successfully--------  </system-out>
  <testcase name="TestNG_DataProvider" time="4.072" classname="testng_assignment.TestNG_DataProivder"/>
  <system-out>
-------------- DataProvided was executed successfully--------  </system-out>
  <testcase name="TestNG_DataProvider" time="4.077" classname="testng_assignment.TestNG_DataProivder"/>
  <system-out>
-------------- DataProvided was executed successfully--------  </system-out>
  <testcase name="TestNG_DataProvider" time="4.058" classname="testng_assignment.TestNG_DataProivder"/>
  <system-out>
-------------- DataProvided was executed successfully--------  </system-out>
  <testcase name="TestNG_DataProvider" time="4.319" classname="testng_assignment.TestNG_DataProivder"/>
  <system-out>
-------------- DataProvided was executed successfully--------  </system-out>
  <testcase name="TestNG_DataProvider" time="4.055" classname="testng_assignment.TestNG_DataProivder"/>
  <system-out>
-------------- DataProvided was executed successfully--------  </system-out>
  <testcase name="TestNG_DataProvider" time="4.071" classname="testng_assignment.TestNG_DataProivder"/>
  <system-out>
-------------- DataProvided was executed successfully--------  </system-out>
  <testcase name="TestNG_DataProvider" time="4.107" classname="testng_assignment.TestNG_DataProivder"/>
  <system-out>
-------------- DataProvided was executed successfully--------  </system-out>
  <testcase name="TestNG_DataProvider" time="4.066" classname="testng_assignment.TestNG_DataProivder"/>
  <system-out>
-------------- DataProvided was executed successfully--------  </system-out>
  <testcase name="TestNG_DataProvider" time="4.062" classname="testng_assignment.TestNG_DataProivder"/>
  <system-out>
-------------- DataProvided was executed successfully--------  </system-out>
</testsuite> <!-- testng_assignment.TestNG_DataProivder -->
