<?xml version="1.0" encoding="UTF-8"?>
<!-- Generated by org.testng.reporters.JUnitReportReporter -->
<testsuite skipped="0" hostname="MAVLT1168" name="testng_assignment.TestNG_Assignment" tests="5" failures="0" timestamp="2020-06-24T19:15:58 IST" time="0.012" errors="0">
  <testcase name="TestNG_Parameter_Test" time="0.005" classname="testng_assignment.TestNG_Assignment"/>
  <system-out/>
  <testcase name="TestNG_Assertion_Methods" time="0.003" classname="testng_assignment.TestNG_Assignment"/>
  <system-out/>
  <testcase name="TestNG_DataProvider" time="0.001" classname="testng_assignment.TestNG_Assignment"/>
  <system-out/>
  <testcase name="TestNG_DataProvider" time="0.001" classname="testng_assignment.TestNG_Assignment"/>
  <system-out/>
  <testcase name="TestNG_DataProvider" time="0.002" classname="testng_assignment.TestNG_Assignment"/>
  <system-out/>
</testsuite> <!-- testng_assignment.TestNG_Assignment -->
