<?xml version="1.0" encoding="UTF-8"?>
<!-- Generated by org.testng.reporters.JUnitReportReporter -->
<testsuite skipped="0" hostname="MAVLT1168" name="testng_assignment.TestNG_Sample" tests="1" failures="0" timestamp="2020-06-24T11:49:48 IST" time="0.007" errors="0">
  <testcase name="TestNG_Assertion_Methods" time="0.007" classname="testng_assignment.TestNG_Sample"/>
  <system-out/>
</testsuite> <!-- testng_assignment.TestNG_Sample -->
