<?xml version="1.0" encoding="UTF-8"?>
<!-- Generated by org.testng.reporters.JUnitReportReporter -->
<testsuite skipped="0" hostname="MAVLT1168" name="testng_assignment.TestNG_Groups" tests="4" failures="0" timestamp="2020-06-26T02:02:09 IST" time="16.621" errors="0">
  <testcase name="add_Group" time="4.364" classname="testng_assignment.TestNG_Groups"/>
  <system-out>
-------------- Add group executed successfully----------  </system-out>
  <testcase name="sub_Group" time="4.097" classname="testng_assignment.TestNG_Groups"/>
  <system-out>
-------------- Subtract group executed successfully----------  </system-out>
  <testcase name="negate_Group" time="4.080" classname="testng_assignment.TestNG_Groups"/>
  <system-out>
-------------- Negate group executed successfully----------  </system-out>
  <testcase name="inverse_Group" time="4.080" classname="testng_assignment.TestNG_Groups"/>
  <system-out>
-------------- Inverse group excluded successfully----------  </system-out>
</testsuite> <!-- testng_assignment.TestNG_Groups -->
