<?xml version="1.0" encoding="UTF-8"?>
<!-- Generated by org.testng.reporters.JUnitReportReporter -->
<testsuite skipped="0" hostname="MAVLT1168" name="testng_assignment.TestNG_Parameters" tests="2" failures="0" timestamp="2020-06-26T01:46:05 IST" time="0.013" errors="2">
  <testcase name="TestNG_Parameter_Test1" time="0.009" classname="testng_assignment.TestNG_Parameters">
    <error type="java.lang.NullPointerException">
      <![CDATA[java.lang.NullPointerException
at com.maveric.core.testng.listeners.DriverListener.beforeInvocation(DriverListener.java:31)
at org.testng.internal.invokers.InvokedMethodListenerInvoker.invokeListener(InvokedMethodListenerInvoker.java:56)
at org.testng.internal.BaseInvoker.runInvokedMethodListeners(BaseInvoker.java:55)
at org.testng.internal.TestInvoker.invokeMethod(TestInvoker.java:574)
at org.testng.internal.TestInvoker.invokeTestMethod(TestInvoker.java:173)
at org.testng.internal.MethodRunner.runInSequence(MethodRunner.java:46)
at org.testng.internal.TestInvoker$MethodInvocationAgent.invoke(TestInvoker.java:816)
at org.testng.internal.TestInvoker.invokeTestMethods(TestInvoker.java:146)
at org.testng.internal.TestMethodWorker.invokeTestMethods(TestMethodWorker.java:146)
at org.testng.internal.TestMethodWorker.run(TestMethodWorker.java:128)
at java.util.concurrent.ThreadPoolExecutor.runWorker(Unknown Source)
at java.util.concurrent.ThreadPoolExecutor$Worker.run(Unknown Source)
at java.lang.Thread.run(Unknown Source)
]]>
    </error>
  </testcase> <!-- TestNG_Parameter_Test1 -->
  <system-out>
26-Jun-2020 01:46:05 AM : java.lang.NullPointerException
	at com.maveric.core.testng.listeners.DriverListener.beforeInvocation(DriverListener.java:31)
	at org.testng.internal.invokers.InvokedMethodListenerInvoker.invokeListener(InvokedMethodListenerInvoker.java:56)
	at org.testng.internal.BaseInvoker.runInvokedMethodListeners(BaseInvoker.java:55)
	at org.testng.internal.TestInvoker.invokeMethod(TestInvoker.java:574)
	at org.testng.internal.TestInvoker.invokeTestMethod(TestInvoker.java:173)
	at org.testng.internal.MethodRunner.runInSequence(MethodRunner.java:46)
	at org.testng.internal.TestInvoker$MethodInvocationAgent.invoke(TestInvoker.java:816)
	at org.testng.internal.TestInvoker.invokeTestMethods(TestInvoker.java:146)
	at org.testng.internal.TestMethodWorker.invokeTestMethods(TestMethodWorker.java:146)
	at org.testng.internal.TestMethodWorker.run(TestMethodWorker.java:128)
	at java.util.concurrent.ThreadPoolExecutor.runWorker(Unknown Source)
	at java.util.concurrent.ThreadPoolExecutor$Worker.run(Unknown Source)
	at java.lang.Thread.run(Unknown Source)
  </system-out>
  <testcase name="TestNG_Parameter_Test2" time="0.004" classname="testng_assignment.TestNG_Parameters">
    <error type="java.lang.NullPointerException">
      <![CDATA[java.lang.NullPointerException
at com.maveric.core.testng.listeners.DriverListener.beforeInvocation(DriverListener.java:31)
at org.testng.internal.invokers.InvokedMethodListenerInvoker.invokeListener(InvokedMethodListenerInvoker.java:56)
at org.testng.internal.BaseInvoker.runInvokedMethodListeners(BaseInvoker.java:55)
at org.testng.internal.TestInvoker.invokeMethod(TestInvoker.java:574)
at org.testng.internal.TestInvoker.invokeTestMethod(TestInvoker.java:173)
at org.testng.internal.MethodRunner.runInSequence(MethodRunner.java:46)
at org.testng.internal.TestInvoker$MethodInvocationAgent.invoke(TestInvoker.java:816)
at org.testng.internal.TestInvoker.invokeTestMethods(TestInvoker.java:146)
at org.testng.internal.TestMethodWorker.invokeTestMethods(TestMethodWorker.java:146)
at org.testng.internal.TestMethodWorker.run(TestMethodWorker.java:128)
at java.util.concurrent.ThreadPoolExecutor.runWorker(Unknown Source)
at java.util.concurrent.ThreadPoolExecutor$Worker.run(Unknown Source)
at java.lang.Thread.run(Unknown Source)
]]>
    </error>
  </testcase> <!-- TestNG_Parameter_Test2 -->
  <system-out>
26-Jun-2020 01:46:05 AM : java.lang.NullPointerException
	at com.maveric.core.testng.listeners.DriverListener.beforeInvocation(DriverListener.java:31)
	at org.testng.internal.invokers.InvokedMethodListenerInvoker.invokeListener(InvokedMethodListenerInvoker.java:56)
	at org.testng.internal.BaseInvoker.runInvokedMethodListeners(BaseInvoker.java:55)
	at org.testng.internal.TestInvoker.invokeMethod(TestInvoker.java:574)
	at org.testng.internal.TestInvoker.invokeTestMethod(TestInvoker.java:173)
	at org.testng.internal.MethodRunner.runInSequence(MethodRunner.java:46)
	at org.testng.internal.TestInvoker$MethodInvocationAgent.invoke(TestInvoker.java:816)
	at org.testng.internal.TestInvoker.invokeTestMethods(TestInvoker.java:146)
	at org.testng.internal.TestMethodWorker.invokeTestMethods(TestMethodWorker.java:146)
	at org.testng.internal.TestMethodWorker.run(TestMethodWorker.java:128)
	at java.util.concurrent.ThreadPoolExecutor.runWorker(Unknown Source)
	at java.util.concurrent.ThreadPoolExecutor$Worker.run(Unknown Source)
	at java.lang.Thread.run(Unknown Source)
  </system-out>
</testsuite> <!-- testng_assignment.TestNG_Parameters -->
