<?xml version="1.0" encoding="UTF-8"?>
<!-- Generated by org.testng.reporters.JUnitReportReporter -->
<testsuite skipped="0" hostname="MAVLT1168" name="testng_assignment.TestNG_Parallel1" tests="6" failures="0" timestamp="2020-06-25T16:47:50 IST" time="0.051" errors="0">
  <testcase name="TestNG_Sub1" time="0.008" classname="testng_assignment.TestNG_Parallel1"/>
  <system-out/>
  <testcase name="TestNG_Multi1" time="0.010" classname="testng_assignment.TestNG_Parallel1"/>
  <system-out/>
  <testcase name="TestNG_Sub1" time="0.008" classname="testng_assignment.TestNG_Parallel1"/>
  <system-out/>
  <testcase name="TestNG_Add1" time="0.009" classname="testng_assignment.TestNG_Parallel1"/>
  <system-out/>
  <testcase name="TestNG_Multi1" time="0.008" classname="testng_assignment.TestNG_Parallel1"/>
  <system-out/>
  <testcase name="TestNG_Add1" time="0.008" classname="testng_assignment.TestNG_Parallel1"/>
  <system-out/>
</testsuite> <!-- testng_assignment.TestNG_Parallel1 -->
