<?xml version="1.0" encoding="UTF-8"?>
<!-- Generated by org.testng.reporters.JUnitReportReporter -->
<testsuite skipped="0" hostname="MAVBCP423" name="com.internetapp.tests.groups.GroupingExample" tests="1" failures="0" timestamp="2020-06-20T17:06:24 IST" time="0.007" errors="0">
  <testcase name="myTestB" time="0.007" classname="com.internetapp.tests.groups.GroupingExample"/>
  <system-out/>
</testsuite> <!-- com.internetapp.tests.groups.GroupingExample -->
